<?xml version="1.0" encoding="UTF-8"?>
<testsuite xmlns:xsi="http://www.w3.org/2001/XMLSchema-instance" xsi:noNamespaceSchemaLocation="https://maven.apache.org/surefire/maven-surefire-plugin/xsd/surefire-test-report.xsd" version="3.0.2" name="com.saberpro.app.SaberproApplicationTests" time="10.575" tests="1" errors="0" skipped="0" failures="0" flakes="0">
  <properties>
[...]
</properties>
  <testcase name="contextLoads" classname="com.saberpro.app.SaberproApplicationTests" time="0.901">
    <system-out><![CDATA[22:21:26.390 [main] INFO org.springframework.test.context.support.AnnotationConfigContextLoaderUtils -- Could not detect default configuration classes for test class [com.saberpro.app.SaberproApplicationTests]: SaberproApplicationTests does not declare any static, non-private, non-final, nested classes annotated with @Configuration.
22:21:26.553 [main] INFO org.springframework.boot.test.context.SpringBootTestContextBootstrapper -- Found @SpringBootConfiguration com.saberpro.app.SaberproApplication for test class com.saberpro.app.SaberproApplicationTests
22:21:26.682 [main] INFO org.springframework.test.context.support.AnnotationConfigContextLoaderUtils -- Could not detect default configuration classes for test class [com.saberpro.app.SaberproApplicationTests]: SaberproApplicationTests does not declare any static, non-private, non-final, nested classes annotated with @Configuration.
22:21:26.685 [main] INFO org.springframework.boot.test.context.SpringBootTestContextBootstrapper -- Found @SpringBootConfiguration com.saberpro.app.SaberproApplication for test class com.saberpro.app.SaberproApplicationTests
22:21:26.811 [main] INFO org.springframework.boot.devtools.restart.RestartApplicationListener -- Restart disabled due to context in which it is running

  .   ____          _            __ _ _
 /\\ / ___'_ __ _ _(_)_ __  __ _ \ \ \ \
( ( )\___ | '_ | '_| | '_ \/ _` | \ \ \ \
 \\/  ___)| |_)| | | | | || (_| |  ) ) ) )
  '  |____| .__|_| |_|_| |_\__, | / / / /
 =========|_|==============|___/=/_/_/_/

 :: Spring Boot ::                (v4.0.6)

2026-06-08T22:21:27.284-05:00  INFO 4920 --- [           main] c.saberpro.app.SaberproApplicationTests  : Starting SaberproApplicationTests using Java 25.0.2 with PID 4920 (started by Juan in C:\Proyectos\saberpro)
2026-06-08T22:21:27.288-05:00  INFO 4920 --- [           main] c.saberpro.app.SaberproApplicationTests  : No active profile set, falling back to 1 default profile: "default"
2026-06-08T22:21:28.283-05:00  INFO 4920 --- [           main] .s.d.r.c.RepositoryConfigurationDelegate : Bootstrapping Spring Data JPA repositories in DEFAULT mode.
2026-06-08T22:21:28.383-05:00  INFO 4920 --- [           main] .s.d.r.c.RepositoryConfigurationDelegate : Finished Spring Data repository scanning in 86 ms. Found 6 JPA repository interfaces.
2026-06-08T22:21:29.036-05:00  INFO 4920 --- [           main] org.hibernate.orm.jpa                    : HHH008540: Processing PersistenceUnitInfo [name: default]
2026-06-08T22:21:29.126-05:00  INFO 4920 --- [           main] org.hibernate.orm.core                   : HHH000001: Hibernate ORM core version 7.2.12.Final
2026-06-08T22:21:29.883-05:00  INFO 4920 --- [           main] o.s.o.j.p.SpringPersistenceUnitInfo      : No LoadTimeWeaver setup: ignoring JPA class transformer
2026-06-08T22:21:29.989-05:00  INFO 4920 --- [           main] com.zaxxer.hikari.HikariDataSource       : HikariPool-1 - Starting...
2026-06-08T22:21:30.399-05:00  INFO 4920 --- [           main] com.zaxxer.hikari.pool.HikariPool        : HikariPool-1 - Added connection conn0: url=jdbc:h2:mem:saberpro user=SA
2026-06-08T22:21:30.405-05:00  INFO 4920 --- [           main] com.zaxxer.hikari.HikariDataSource       : HikariPool-1 - Start completed.
2026-06-08T22:21:30.448-05:00  WARN 4920 --- [           main] org.hibernate.orm.deprecation            : HHH90000025: H2Dialect does not need to be specified explicitly using 'hibernate.dialect' (remove the property setting and it will be selected by default)
2026-06-08T22:21:30.496-05:00  INFO 4920 --- [           main] org.hibernate.orm.connections.pooling    : HHH10001005: Database info:
	Database JDBC URL [jdbc:h2:mem:saberpro]
	Database driver: H2 JDBC Driver
	Database dialect: H2Dialect
	Database version: 2.4.240
	Default catalog/schema: SABERPRO/PUBLIC
	Autocommit mode: undefined/unknown
	Isolation level: READ_COMMITTED [default READ_COMMITTED]
	JDBC fetch size: 100
	Pool: DataSourceConnectionProvider
	Minimum pool size: undefined/unknown
	Maximum pool size: undefined/unknown
Hibernate: create global temporary table HT_usuarios(id bigint not null, primary key (id)) transactional
Hibernate: create global temporary table HTE_usuarios(HTE_IDENTITY bigint generated by default as identity, id bigint, contrasena varchar(255), correo varchar(255), numeroCedula varchar(255), primerApellido varchar(255), primerNombre varchar(255), segundoApellido varchar(255), segundoNombre varchar(255), telefono varchar(255), rol enum ('ADMINISTRADOR','COORDINADOR','DOCENTE','ESTUDIANTE'), primary key (HTE_IDENTITY)) transactional
Hibernate: create global temporary table HTE_coordinadores(HTE_IDENTITY bigint generated by default as identity, id bigint, areaAsignada varchar(255), contrasena varchar(255), correo varchar(255), numeroCedula varchar(255), primerApellido varchar(255), primerNombre varchar(255), segundoApellido varchar(255), segundoNombre varchar(255), telefono varchar(255), rol enum ('ADMINISTRADOR','COORDINADOR','DOCENTE','ESTUDIANTE'), primary key (HTE_IDENTITY)) transactional
Hibernate: create global temporary table HTE_estudiantes(aprobadoSaberPro boolean, pagoSaberPro boolean, semestre integer, HTE_IDENTITY bigint generated by default as identity, id bigint, comprobantePago varchar(255), contrasena varchar(255), correo varchar(255), numeroCedula varchar(255), numeroRegistro varchar(255), primerApellido varchar(255), primerNombre varchar(255), programa varchar(255), segundoApellido varchar(255), segundoNombre varchar(255), telefono varchar(255), rol enum ('ADMINISTRADOR','COORDINADOR','DOCENTE','ESTUDIANTE'), tipoPrograma enum ('PROFESIONAL','TECNOLOGIA'), primary key (HTE_IDENTITY)) transactional
Hibernate: create global temporary table HTE_docentes(HTE_IDENTITY bigint generated by default as identity, facultad_id bigint, id bigint, areaAsignada varchar(255), contrasena varchar(255), correo varchar(255), numeroCedula varchar(255), primerApellido varchar(255), primerNombre varchar(255), segundoApellido varchar(255), segundoNombre varchar(255), telefono varchar(255), rol enum ('ADMINISTRADOR','COORDINADOR','DOCENTE','ESTUDIANTE'), primary key (HTE_IDENTITY)) transactional
2026-06-08T22:21:32.739-05:00  INFO 4920 --- [           main] org.hibernate.orm.core                   : HHH000489: No JTA platform available (set 'hibernate.transaction.jta.platform' to enable JTA platform integration)
Hibernate: drop table if exists coordinadores cascade 
Hibernate: drop table if exists docentes cascade 
Hibernate: drop table if exists estudiantes cascade 
Hibernate: drop table if exists facultades cascade 
Hibernate: drop table if exists resultados_saber_pro cascade 
Hibernate: drop table if exists usuarios cascade 
Hibernate: create table coordinadores (usuario_id bigint not null, area_asignada varchar(255), primary key (usuario_id))
Hibernate: create table docentes (facultad_id bigint, usuario_id bigint not null, area_asignada varchar(255), primary key (usuario_id))
Hibernate: create table estudiantes (aprobado_saber_pro boolean, pago_saber_pro boolean, semestre integer, usuario_id bigint not null, comprobante_pago varchar(255), numero_registro varchar(255) unique, programa varchar(255), tipo_programa enum ('PROFESIONAL','TECNOLOGIA'), primary key (usuario_id))
Hibernate: create table facultades (id bigint generated by default as identity, descripcion varchar(255), nombre varchar(255) not null unique, primary key (id))
Hibernate: create table resultados_saber_pro (competencias_ciudadanas float(53), comunicacion_escrita float(53), diseno_software float(53), formulacion_proyectos float(53), ingles float(53), lectura_critica float(53), pensamiento_cientifico float(53), puede_recibir_titulo boolean, puntaje_total integer, razonamiento_cuantitativo float(53), tiene_beneficio boolean, estudiante_id bigint unique, id bigint generated by default as identity, descripcion_beneficio varchar(600), competencias_ciudadanas_nivel varchar(255), comunicacion_escrita_nivel varchar(255), diseno_software_nivel varchar(255), formulacion_proyectos_nivel varchar(255), ingles_nivel varchar(255), lectura_critica_nivel varchar(255), nivel_ingles varchar(255), numero_registro varchar(255), pensamiento_cientifico_nivel varchar(255), puntaje_nivel varchar(255), razonamiento_cuantitativo_nivel varchar(255), tipo_beneficio varchar(255), primary key (id))
Hibernate: create table usuarios (id bigint generated by default as identity, contrasena varchar(255) not null, correo varchar(255) not null unique, numero_cedula varchar(255) not null unique, primer_apellido varchar(255) not null, primer_nombre varchar(255) not null, segundo_apellido varchar(255), segundo_nombre varchar(255), telefono varchar(255), rol enum ('ADMINISTRADOR','COORDINADOR','DOCENTE','ESTUDIANTE') not null, primary key (id))
Hibernate: alter table if exists coordinadores add constraint FKf86u496y7eo90o9bmbri7ntp0 foreign key (usuario_id) references usuarios
Hibernate: alter table if exists docentes add constraint FKq79d1xyp99pe3ehtnkbhhtwwu foreign key (facultad_id) references facultades
Hibernate: alter table if exists docentes add constraint FKh5n5tq4t4uh4cpf60nwx3cwyq foreign key (usuario_id) references usuarios
Hibernate: alter table if exists estudiantes add constraint FKiqye1ytd68ta1pibrpbtav3bc foreign key (usuario_id) references usuarios
Hibernate: alter table if exists resultados_saber_pro add constraint FKckf774bd29ti5xl35vs8tkm3e foreign key (estudiante_id) references estudiantes
2026-06-08T22:21:32.903-05:00  INFO 4920 --- [           main] j.LocalContainerEntityManagerFactoryBean : Initialized JPA EntityManagerFactory for persistence unit 'default'
2026-06-08T22:21:33.061-05:00  INFO 4920 --- [           main] o.s.d.j.r.query.QueryEnhancerFactories   : Hibernate is in classpath; If applicable, HQL parser will be used.
2026-06-08T22:21:34.362-05:00  WARN 4920 --- [           main] JpaBaseConfiguration$JpaWebConfiguration : spring.jpa.open-in-view is enabled by default. Therefore, database queries may be performed during view rendering. Explicitly configure spring.jpa.open-in-view to disable this warning
2026-06-08T22:21:34.976-05:00  INFO 4920 --- [           main] o.s.b.h.a.H2ConsoleAutoConfiguration     : H2 console available at '/h2-console'. Database available at 'jdbc:h2:mem:saberpro'
2026-06-08T22:21:35.098-05:00  INFO 4920 --- [           main] c.saberpro.app.SaberproApplicationTests  : Started SaberproApplicationTests in 8.306 seconds (process running for 10.195)
Hibernate: select f1_0.id,f1_0.descripcion,f1_0.nombre from facultades f1_0 where f1_0.nombre=?
Hibernate: insert into facultades (descripcion,nombre,id) values (?,?,default)
Hibernate: select f1_0.id,f1_0.descripcion,f1_0.nombre from facultades f1_0 where f1_0.nombre=?
Hibernate: insert into facultades (descripcion,nombre,id) values (?,?,default)
Hibernate: select u1_0.id from usuarios u1_0 where u1_0.correo=? fetch first ? rows only
Hibernate: insert into usuarios (contrasena,correo,numero_cedula,primer_apellido,primer_nombre,rol,segundo_apellido,segundo_nombre,telefono,id) values (?,?,?,?,?,?,?,?,?,default)
✅ Admin creado
Hibernate: select c1_0.usuario_id from coordinadores c1_0 join usuarios c1_1 on c1_0.usuario_id=c1_1.id where c1_1.correo=? fetch first ? rows only
Hibernate: insert into usuarios (contrasena,correo,numero_cedula,primer_apellido,primer_nombre,rol,segundo_apellido,segundo_nombre,telefono,id) values (?,?,?,?,?,?,?,?,?,default)
Hibernate: insert into coordinadores (area_asignada,usuario_id) values (?,?)
✅ Coordinador creado
Hibernate: select d1_0.usuario_id from docentes d1_0 join usuarios d1_1 on d1_0.usuario_id=d1_1.id where d1_1.correo=? fetch first ? rows only
Hibernate: insert into usuarios (contrasena,correo,numero_cedula,primer_apellido,primer_nombre,rol,segundo_apellido,segundo_nombre,telefono,id) values (?,?,?,?,?,?,?,?,?,default)
Hibernate: insert into docentes (area_asignada,facultad_id,usuario_id) values (?,?,?)
✅ Docente 1 creado
Hibernate: select d1_0.usuario_id from docentes d1_0 join usuarios d1_1 on d1_0.usuario_id=d1_1.id where d1_1.correo=? fetch first ? rows only
Hibernate: insert into usuarios (contrasena,correo,numero_cedula,primer_apellido,primer_nombre,rol,segundo_apellido,segundo_nombre,telefono,id) values (?,?,?,?,?,?,?,?,?,default)
Hibernate: insert into docentes (area_asignada,facultad_id,usuario_id) values (?,?,?)
✅ Docente 2 creado
Hibernate: select e1_0.usuario_id from estudiantes e1_0 join usuarios e1_1 on e1_0.usuario_id=e1_1.id where e1_1.numero_cedula=? fetch first ? rows only
Hibernate: insert into usuarios (contrasena,correo,numero_cedula,primer_apellido,primer_nombre,rol,segundo_apellido,segundo_nombre,telefono,id) values (?,?,?,?,?,?,?,?,?,default)
Hibernate: insert into estudiantes (aprobado_saber_pro,comprobante_pago,numero_registro,pago_saber_pro,programa,semestre,tipo_programa,usuario_id) values (?,?,?,?,?,?,?,?)
Hibernate: insert into resultados_saber_pro (competencias_ciudadanas,competencias_ciudadanas_nivel,comunicacion_escrita,comunicacion_escrita_nivel,descripcion_beneficio,diseno_software,diseno_software_nivel,estudiante_id,formulacion_proyectos,formulacion_proyectos_nivel,ingles,ingles_nivel,lectura_critica,lectura_critica_nivel,nivel_ingles,numero_registro,pensamiento_cientifico,pensamiento_cientifico_nivel,puede_recibir_titulo,puntaje_nivel,puntaje_total,razonamiento_cuantitativo,razonamiento_cuantitativo_nivel,tiene_beneficio,tipo_beneficio,id) values (?,?,?,?,?,?,?,?,?,?,?,?,?,?,?,?,?,?,?,?,?,?,?,?,?,default)
Hibernate: select e1_0.usuario_id from estudiantes e1_0 join usuarios e1_1 on e1_0.usuario_id=e1_1.id where e1_1.numero_cedula=? fetch first ? rows only
Hibernate: insert into usuarios (contrasena,correo,numero_cedula,primer_apellido,primer_nombre,rol,segundo_apellido,segundo_nombre,telefono,id) values (?,?,?,?,?,?,?,?,?,default)
Hibernate: insert into estudiantes (aprobado_saber_pro,comprobante_pago,numero_registro,pago_saber_pro,programa,semestre,tipo_programa,usuario_id) values (?,?,?,?,?,?,?,?)
Hibernate: insert into resultados_saber_pro (competencias_ciudadanas,competencias_ciudadanas_nivel,comunicacion_escrita,comunicacion_escrita_nivel,descripcion_beneficio,diseno_software,diseno_software_nivel,estudiante_id,formulacion_proyectos,formulacion_proyectos_nivel,ingles,ingles_nivel,lectura_critica,lectura_critica_nivel,nivel_ingles,numero_registro,pensamiento_cientifico,pensamiento_cientifico_nivel,puede_recibir_titulo,puntaje_nivel,puntaje_total,razonamiento_cuantitativo,razonamiento_cuantitativo_nivel,tiene_beneficio,tipo_beneficio,id) values (?,?,?,?,?,?,?,?,?,?,?,?,?,?,?,?,?,?,?,?,?,?,?,?,?,default)
Hibernate: select e1_0.usuario_id from estudiantes e1_0 join usuarios e1_1 on e1_0.usuario_id=e1_1.id where e1_1.numero_cedula=? fetch first ? rows only
Hibernate: insert into usuarios (contrasena,correo,numero_cedula,primer_apellido,primer_nombre,rol,segundo_apellido,segundo_nombre,telefono,id) values (?,?,?,?,?,?,?,?,?,default)
Hibernate: insert into estudiantes (aprobado_saber_pro,comprobante_pago,numero_registro,pago_saber_pro,programa,semestre,tipo_programa,usuario_id) values (?,?,?,?,?,?,?,?)
Hibernate: insert into resultados_saber_pro (competencias_ciudadanas,competencias_ciudadanas_nivel,comunicacion_escrita,comunicacion_escrita_nivel,descripcion_beneficio,diseno_software,diseno_software_nivel,estudiante_id,formulacion_proyectos,formulacion_proyectos_nivel,ingles,ingles_nivel,lectura_critica,lectura_critica_nivel,nivel_ingles,numero_registro,pensamiento_cientifico,pensamiento_cientifico_nivel,puede_recibir_titulo,puntaje_nivel,puntaje_total,razonamiento_cuantitativo,razonamiento_cuantitativo_nivel,tiene_beneficio,tipo_beneficio,id) values (?,?,?,?,?,?,?,?,?,?,?,?,?,?,?,?,?,?,?,?,?,?,?,?,?,default)
Hibernate: select e1_0.usuario_id from estudiantes e1_0 join usuarios e1_1 on e1_0.usuario_id=e1_1.id where e1_1.numero_cedula=? fetch first ? rows only
Hibernate: insert into usuarios (contrasena,correo,numero_cedula,primer_apellido,primer_nombre,rol,segundo_apellido,segundo_nombre,telefono,id) values (?,?,?,?,?,?,?,?,?,default)
Hibernate: insert into estudiantes (aprobado_saber_pro,comprobante_pago,numero_registro,pago_saber_pro,programa,semestre,tipo_programa,usuario_id) values (?,?,?,?,?,?,?,?)
Hibernate: insert into resultados_saber_pro (competencias_ciudadanas,competencias_ciudadanas_nivel,comunicacion_escrita,comunicacion_escrita_nivel,descripcion_beneficio,diseno_software,diseno_software_nivel,estudiante_id,formulacion_proyectos,formulacion_proyectos_nivel,ingles,ingles_nivel,lectura_critica,lectura_critica_nivel,nivel_ingles,numero_registro,pensamiento_cientifico,pensamiento_cientifico_nivel,puede_recibir_titulo,puntaje_nivel,puntaje_total,razonamiento_cuantitativo,razonamiento_cuantitativo_nivel,tiene_beneficio,tipo_beneficio,id) values (?,?,?,?,?,?,?,?,?,?,?,?,?,?,?,?,?,?,?,?,?,?,?,?,?,default)
Hibernate: select e1_0.usuario_id from estudiantes e1_0 join usuarios e1_1 on e1_0.usuario_id=e1_1.id where e1_1.numero_cedula=? fetch first ? rows only
Hibernate: insert into usuarios (contrasena,correo,numero_cedula,primer_apellido,primer_nombre,rol,segundo_apellido,segundo_nombre,telefono,id) values (?,?,?,?,?,?,?,?,?,default)
Hibernate: insert into estudiantes (aprobado_saber_pro,comprobante_pago,numero_registro,pago_saber_pro,programa,semestre,tipo_programa,usuario_id) values (?,?,?,?,?,?,?,?)
Hibernate: insert into resultados_saber_pro (competencias_ciudadanas,competencias_ciudadanas_nivel,comunicacion_escrita,comunicacion_escrita_nivel,descripcion_beneficio,diseno_software,diseno_software_nivel,estudiante_id,formulacion_proyectos,formulacion_proyectos_nivel,ingles,ingles_nivel,lectura_critica,lectura_critica_nivel,nivel_ingles,numero_registro,pensamiento_cientifico,pensamiento_cientifico_nivel,puede_recibir_titulo,puntaje_nivel,puntaje_total,razonamiento_cuantitativo,razonamiento_cuantitativo_nivel,tiene_beneficio,tipo_beneficio,id) values (?,?,?,?,?,?,?,?,?,?,?,?,?,?,?,?,?,?,?,?,?,?,?,?,?,default)
Hibernate: select e1_0.usuario_id from estudiantes e1_0 join usuarios e1_1 on e1_0.usuario_id=e1_1.id where e1_1.numero_cedula=? fetch first ? rows only
Hibernate: insert into usuarios (contrasena,correo,numero_cedula,primer_apellido,primer_nombre,rol,segundo_apellido,segundo_nombre,telefono,id) values (?,?,?,?,?,?,?,?,?,default)
Hibernate: insert into estudiantes (aprobado_saber_pro,comprobante_pago,numero_registro,pago_saber_pro,programa,semestre,tipo_programa,usuario_id) values (?,?,?,?,?,?,?,?)
Hibernate: insert into resultados_saber_pro (competencias_ciudadanas,competencias_ciudadanas_nivel,comunicacion_escrita,comunicacion_escrita_nivel,descripcion_beneficio,diseno_software,diseno_software_nivel,estudiante_id,formulacion_proyectos,formulacion_proyectos_nivel,ingles,ingles_nivel,lectura_critica,lectura_critica_nivel,nivel_ingles,numero_registro,pensamiento_cientifico,pensamiento_cientifico_nivel,puede_recibir_titulo,puntaje_nivel,puntaje_total,razonamiento_cuantitativo,razonamiento_cuantitativo_nivel,tiene_beneficio,tipo_beneficio,id) values (?,?,?,?,?,?,?,?,?,?,?,?,?,?,?,?,?,?,?,?,?,?,?,?,?,default)
Hibernate: select e1_0.usuario_id from estudiantes e1_0 join usuarios e1_1 on e1_0.usuario_id=e1_1.id where e1_1.numero_cedula=? fetch first ? rows only
Hibernate: insert into usuarios (contrasena,correo,numero_cedula,primer_apellido,primer_nombre,rol,segundo_apellido,segundo_nombre,telefono,id) values (?,?,?,?,?,?,?,?,?,default)
Hibernate: insert into estudiantes (aprobado_saber_pro,comprobante_pago,numero_registro,pago_saber_pro,programa,semestre,tipo_programa,usuario_id) values (?,?,?,?,?,?,?,?)
Hibernate: insert into resultados_saber_pro (competencias_ciudadanas,competencias_ciudadanas_nivel,comunicacion_escrita,comunicacion_escrita_nivel,descripcion_beneficio,diseno_software,diseno_software_nivel,estudiante_id,formulacion_proyectos,formulacion_proyectos_nivel,ingles,ingles_nivel,lectura_critica,lectura_critica_nivel,nivel_ingles,numero_registro,pensamiento_cientifico,pensamiento_cientifico_nivel,puede_recibir_titulo,puntaje_nivel,puntaje_total,razonamiento_cuantitativo,razonamiento_cuantitativo_nivel,tiene_beneficio,tipo_beneficio,id) values (?,?,?,?,?,?,?,?,?,?,?,?,?,?,?,?,?,?,?,?,?,?,?,?,?,default)
Hibernate: select e1_0.usuario_id from estudiantes e1_0 join usuarios e1_1 on e1_0.usuario_id=e1_1.id where e1_1.numero_cedula=? fetch first ? rows only
Hibernate: insert into usuarios (contrasena,correo,numero_cedula,primer_apellido,primer_nombre,rol,segundo_apellido,segundo_nombre,telefono,id) values (?,?,?,?,?,?,?,?,?,default)
Hibernate: insert into estudiantes (aprobado_saber_pro,comprobante_pago,numero_registro,pago_saber_pro,programa,semestre,tipo_programa,usuario_id) values (?,?,?,?,?,?,?,?)
Hibernate: insert into resultados_saber_pro (competencias_ciudadanas,competencias_ciudadanas_nivel,comunicacion_escrita,comunicacion_escrita_nivel,descripcion_beneficio,diseno_software,diseno_software_nivel,estudiante_id,formulacion_proyectos,formulacion_proyectos_nivel,ingles,ingles_nivel,lectura_critica,lectura_critica_nivel,nivel_ingles,numero_registro,pensamiento_cientifico,pensamiento_cientifico_nivel,puede_recibir_titulo,puntaje_nivel,puntaje_total,razonamiento_cuantitativo,razonamiento_cuantitativo_nivel,tiene_beneficio,tipo_beneficio,id) values (?,?,?,?,?,?,?,?,?,?,?,?,?,?,?,?,?,?,?,?,?,?,?,?,?,default)
Hibernate: select e1_0.usuario_id from estudiantes e1_0 join usuarios e1_1 on e1_0.usuario_id=e1_1.id where e1_1.numero_cedula=? fetch first ? rows only
Hibernate: insert into usuarios (contrasena,correo,numero_cedula,primer_apellido,primer_nombre,rol,segundo_apellido,segundo_nombre,telefono,id) values (?,?,?,?,?,?,?,?,?,default)
Hibernate: insert into estudiantes (aprobado_saber_pro,comprobante_pago,numero_registro,pago_saber_pro,programa,semestre,tipo_programa,usuario_id) values (?,?,?,?,?,?,?,?)
Hibernate: insert into resultados_saber_pro (competencias_ciudadanas,competencias_ciudadanas_nivel,comunicacion_escrita,comunicacion_escrita_nivel,descripcion_beneficio,diseno_software,diseno_software_nivel,estudiante_id,formulacion_proyectos,formulacion_proyectos_nivel,ingles,ingles_nivel,lectura_critica,lectura_critica_nivel,nivel_ingles,numero_registro,pensamiento_cientifico,pensamiento_cientifico_nivel,puede_recibir_titulo,puntaje_nivel,puntaje_total,razonamiento_cuantitativo,razonamiento_cuantitativo_nivel,tiene_beneficio,tipo_beneficio,id) values (?,?,?,?,?,?,?,?,?,?,?,?,?,?,?,?,?,?,?,?,?,?,?,?,?,default)
Hibernate: select e1_0.usuario_id from estudiantes e1_0 join usuarios e1_1 on e1_0.usuario_id=e1_1.id where e1_1.numero_cedula=? fetch first ? rows only
Hibernate: insert into usuarios (contrasena,correo,numero_cedula,primer_apellido,primer_nombre,rol,segundo_apellido,segundo_nombre,telefono,id) values (?,?,?,?,?,?,?,?,?,default)
Hibernate: insert into estudiantes (aprobado_saber_pro,comprobante_pago,numero_registro,pago_saber_pro,programa,semestre,tipo_programa,usuario_id) values (?,?,?,?,?,?,?,?)
Hibernate: insert into resultados_saber_pro (competencias_ciudadanas,competencias_ciudadanas_nivel,comunicacion_escrita,comunicacion_escrita_nivel,descripcion_beneficio,diseno_software,diseno_software_nivel,estudiante_id,formulacion_proyectos,formulacion_proyectos_nivel,ingles,ingles_nivel,lectura_critica,lectura_critica_nivel,nivel_ingles,numero_registro,pensamiento_cientifico,pensamiento_cientifico_nivel,puede_recibir_titulo,puntaje_nivel,puntaje_total,razonamiento_cuantitativo,razonamiento_cuantitativo_nivel,tiene_beneficio,tipo_beneficio,id) values (?,?,?,?,?,?,?,?,?,?,?,?,?,?,?,?,?,?,?,?,?,?,?,?,?,default)
Hibernate: select e1_0.usuario_id from estudiantes e1_0 join usuarios e1_1 on e1_0.usuario_id=e1_1.id where e1_1.numero_cedula=? fetch first ? rows only
Hibernate: insert into usuarios (contrasena,correo,numero_cedula,primer_apellido,primer_nombre,rol,segundo_apellido,segundo_nombre,telefono,id) values (?,?,?,?,?,?,?,?,?,default)
Hibernate: insert into estudiantes (aprobado_saber_pro,comprobante_pago,numero_registro,pago_saber_pro,programa,semestre,tipo_programa,usuario_id) values (?,?,?,?,?,?,?,?)
Hibernate: insert into resultados_saber_pro (competencias_ciudadanas,competencias_ciudadanas_nivel,comunicacion_escrita,comunicacion_escrita_nivel,descripcion_beneficio,diseno_software,diseno_software_nivel,estudiante_id,formulacion_proyectos,formulacion_proyectos_nivel,ingles,ingles_nivel,lectura_critica,lectura_critica_nivel,nivel_ingles,numero_registro,pensamiento_cientifico,pensamiento_cientifico_nivel,puede_recibir_titulo,puntaje_nivel,puntaje_total,razonamiento_cuantitativo,razonamiento_cuantitativo_nivel,tiene_beneficio,tipo_beneficio,id) values (?,?,?,?,?,?,?,?,?,?,?,?,?,?,?,?,?,?,?,?,?,?,?,?,?,default)
Hibernate: select e1_0.usuario_id from estudiantes e1_0 join usuarios e1_1 on e1_0.usuario_id=e1_1.id where e1_1.numero_cedula=? fetch first ? rows only
Hibernate: insert into usuarios (contrasena,correo,numero_cedula,primer_apellido,primer_nombre,rol,segundo_apellido,segundo_nombre,telefono,id) values (?,?,?,?,?,?,?,?,?,default)
Hibernate: insert into estudiantes (aprobado_saber_pro,comprobante_pago,numero_registro,pago_saber_pro,programa,semestre,tipo_programa,usuario_id) values (?,?,?,?,?,?,?,?)
Hibernate: insert into resultados_saber_pro (competencias_ciudadanas,competencias_ciudadanas_nivel,comunicacion_escrita,comunicacion_escrita_nivel,descripcion_beneficio,diseno_software,diseno_software_nivel,estudiante_id,formulacion_proyectos,formulacion_proyectos_nivel,ingles,ingles_nivel,lectura_critica,lectura_critica_nivel,nivel_ingles,numero_registro,pensamiento_cientifico,pensamiento_cientifico_nivel,puede_recibir_titulo,puntaje_nivel,puntaje_total,razonamiento_cuantitativo,razonamiento_cuantitativo_nivel,tiene_beneficio,tipo_beneficio,id) values (?,?,?,?,?,?,?,?,?,?,?,?,?,?,?,?,?,?,?,?,?,?,?,?,?,default)
Hibernate: select e1_0.usuario_id from estudiantes e1_0 join usuarios e1_1 on e1_0.usuario_id=e1_1.id where e1_1.numero_cedula=? fetch first ? rows only
Hibernate: insert into usuarios (contrasena,correo,numero_cedula,primer_apellido,primer_nombre,rol,segundo_apellido,segundo_nombre,telefono,id) values (?,?,?,?,?,?,?,?,?,default)
Hibernate: insert into estudiantes (aprobado_saber_pro,comprobante_pago,numero_registro,pago_saber_pro,programa,semestre,tipo_programa,usuario_id) values (?,?,?,?,?,?,?,?)
Hibernate: insert into resultados_saber_pro (competencias_ciudadanas,competencias_ciudadanas_nivel,comunicacion_escrita,comunicacion_escrita_nivel,descripcion_beneficio,diseno_software,diseno_software_nivel,estudiante_id,formulacion_proyectos,formulacion_proyectos_nivel,ingles,ingles_nivel,lectura_critica,lectura_critica_nivel,nivel_ingles,numero_registro,pensamiento_cientifico,pensamiento_cientifico_nivel,puede_recibir_titulo,puntaje_nivel,puntaje_total,razonamiento_cuantitativo,razonamiento_cuantitativo_nivel,tiene_beneficio,tipo_beneficio,id) values (?,?,?,?,?,?,?,?,?,?,?,?,?,?,?,?,?,?,?,?,?,?,?,?,?,default)
Hibernate: select e1_0.usuario_id from estudiantes e1_0 join usuarios e1_1 on e1_0.usuario_id=e1_1.id where e1_1.numero_cedula=? fetch first ? rows only
Hibernate: insert into usuarios (contrasena,correo,numero_cedula,primer_apellido,primer_nombre,rol,segundo_apellido,segundo_nombre,telefono,id) values (?,?,?,?,?,?,?,?,?,default)
Hibernate: insert into estudiantes (aprobado_saber_pro,comprobante_pago,numero_registro,pago_saber_pro,programa,semestre,tipo_programa,usuario_id) values (?,?,?,?,?,?,?,?)
Hibernate: insert into resultados_saber_pro (competencias_ciudadanas,competencias_ciudadanas_nivel,comunicacion_escrita,comunicacion_escrita_nivel,descripcion_beneficio,diseno_software,diseno_software_nivel,estudiante_id,formulacion_proyectos,formulacion_proyectos_nivel,ingles,ingles_nivel,lectura_critica,lectura_critica_nivel,nivel_ingles,numero_registro,pensamiento_cientifico,pensamiento_cientifico_nivel,puede_recibir_titulo,puntaje_nivel,puntaje_total,razonamiento_cuantitativo,razonamiento_cuantitativo_nivel,tiene_beneficio,tipo_beneficio,id) values (?,?,?,?,?,?,?,?,?,?,?,?,?,?,?,?,?,?,?,?,?,?,?,?,?,default)
Hibernate: select e1_0.usuario_id from estudiantes e1_0 join usuarios e1_1 on e1_0.usuario_id=e1_1.id where e1_1.numero_cedula=? fetch first ? rows only
Hibernate: insert into usuarios (contrasena,correo,numero_cedula,primer_apellido,primer_nombre,rol,segundo_apellido,segundo_nombre,telefono,id) values (?,?,?,?,?,?,?,?,?,default)
Hibernate: insert into estudiantes (aprobado_saber_pro,comprobante_pago,numero_registro,pago_saber_pro,programa,semestre,tipo_programa,usuario_id) values (?,?,?,?,?,?,?,?)
Hibernate: insert into resultados_saber_pro (competencias_ciudadanas,competencias_ciudadanas_nivel,comunicacion_escrita,comunicacion_escrita_nivel,descripcion_beneficio,diseno_software,diseno_software_nivel,estudiante_id,formulacion_proyectos,formulacion_proyectos_nivel,ingles,ingles_nivel,lectura_critica,lectura_critica_nivel,nivel_ingles,numero_registro,pensamiento_cientifico,pensamiento_cientifico_nivel,puede_recibir_titulo,puntaje_nivel,puntaje_total,razonamiento_cuantitativo,razonamiento_cuantitativo_nivel,tiene_beneficio,tipo_beneficio,id) values (?,?,?,?,?,?,?,?,?,?,?,?,?,?,?,?,?,?,?,?,?,?,?,?,?,default)
Hibernate: select e1_0.usuario_id from estudiantes e1_0 join usuarios e1_1 on e1_0.usuario_id=e1_1.id where e1_1.numero_cedula=? fetch first ? rows only
Hibernate: insert into usuarios (contrasena,correo,numero_cedula,primer_apellido,primer_nombre,rol,segundo_apellido,segundo_nombre,telefono,id) values (?,?,?,?,?,?,?,?,?,default)
Hibernate: insert into estudiantes (aprobado_saber_pro,comprobante_pago,numero_registro,pago_saber_pro,programa,semestre,tipo_programa,usuario_id) values (?,?,?,?,?,?,?,?)
Hibernate: insert into resultados_saber_pro (competencias_ciudadanas,competencias_ciudadanas_nivel,comunicacion_escrita,comunicacion_escrita_nivel,descripcion_beneficio,diseno_software,diseno_software_nivel,estudiante_id,formulacion_proyectos,formulacion_proyectos_nivel,ingles,ingles_nivel,lectura_critica,lectura_critica_nivel,nivel_ingles,numero_registro,pensamiento_cientifico,pensamiento_cientifico_nivel,puede_recibir_titulo,puntaje_nivel,puntaje_total,razonamiento_cuantitativo,razonamiento_cuantitativo_nivel,tiene_beneficio,tipo_beneficio,id) values (?,?,?,?,?,?,?,?,?,?,?,?,?,?,?,?,?,?,?,?,?,?,?,?,?,default)
Hibernate: select e1_0.usuario_id from estudiantes e1_0 join usuarios e1_1 on e1_0.usuario_id=e1_1.id where e1_1.numero_cedula=? fetch first ? rows only
Hibernate: insert into usuarios (contrasena,correo,numero_cedula,primer_apellido,primer_nombre,rol,segundo_apellido,segundo_nombre,telefono,id) values (?,?,?,?,?,?,?,?,?,default)
Hibernate: insert into estudiantes (aprobado_saber_pro,comprobante_pago,numero_registro,pago_saber_pro,programa,semestre,tipo_programa,usuario_id) values (?,?,?,?,?,?,?,?)
Hibernate: insert into resultados_saber_pro (competencias_ciudadanas,competencias_ciudadanas_nivel,comunicacion_escrita,comunicacion_escrita_nivel,descripcion_beneficio,diseno_software,diseno_software_nivel,estudiante_id,formulacion_proyectos,formulacion_proyectos_nivel,ingles,ingles_nivel,lectura_critica,lectura_critica_nivel,nivel_ingles,numero_registro,pensamiento_cientifico,pensamiento_cientifico_nivel,puede_recibir_titulo,puntaje_nivel,puntaje_total,razonamiento_cuantitativo,razonamiento_cuantitativo_nivel,tiene_beneficio,tipo_beneficio,id) values (?,?,?,?,?,?,?,?,?,?,?,?,?,?,?,?,?,?,?,?,?,?,?,?,?,default)
Hibernate: select e1_0.usuario_id from estudiantes e1_0 join usuarios e1_1 on e1_0.usuario_id=e1_1.id where e1_1.numero_cedula=? fetch first ? rows only
Hibernate: insert into usuarios (contrasena,correo,numero_cedula,primer_apellido,primer_nombre,rol,segundo_apellido,segundo_nombre,telefono,id) values (?,?,?,?,?,?,?,?,?,default)
Hibernate: insert into estudiantes (aprobado_saber_pro,comprobante_pago,numero_registro,pago_saber_pro,programa,semestre,tipo_programa,usuario_id) values (?,?,?,?,?,?,?,?)
Hibernate: insert into resultados_saber_pro (competencias_ciudadanas,competencias_ciudadanas_nivel,comunicacion_escrita,comunicacion_escrita_nivel,descripcion_beneficio,diseno_software,diseno_software_nivel,estudiante_id,formulacion_proyectos,formulacion_proyectos_nivel,ingles,ingles_nivel,lectura_critica,lectura_critica_nivel,nivel_ingles,numero_registro,pensamiento_cientifico,pensamiento_cientifico_nivel,puede_recibir_titulo,puntaje_nivel,puntaje_total,razonamiento_cuantitativo,razonamiento_cuantitativo_nivel,tiene_beneficio,tipo_beneficio,id) values (?,?,?,?,?,?,?,?,?,?,?,?,?,?,?,?,?,?,?,?,?,?,?,?,?,default)
Hibernate: select e1_0.usuario_id from estudiantes e1_0 join usuarios e1_1 on e1_0.usuario_id=e1_1.id where e1_1.numero_cedula=? fetch first ? rows only
Hibernate: insert into usuarios (contrasena,correo,numero_cedula,primer_apellido,primer_nombre,rol,segundo_apellido,segundo_nombre,telefono,id) values (?,?,?,?,?,?,?,?,?,default)
Hibernate: insert into estudiantes (aprobado_saber_pro,comprobante_pago,numero_registro,pago_saber_pro,programa,semestre,tipo_programa,usuario_id) values (?,?,?,?,?,?,?,?)
Hibernate: insert into resultados_saber_pro (competencias_ciudadanas,competencias_ciudadanas_nivel,comunicacion_escrita,comunicacion_escrita_nivel,descripcion_beneficio,diseno_software,diseno_software_nivel,estudiante_id,formulacion_proyectos,formulacion_proyectos_nivel,ingles,ingles_nivel,lectura_critica,lectura_critica_nivel,nivel_ingles,numero_registro,pensamiento_cientifico,pensamiento_cientifico_nivel,puede_recibir_titulo,puntaje_nivel,puntaje_total,razonamiento_cuantitativo,razonamiento_cuantitativo_nivel,tiene_beneficio,tipo_beneficio,id) values (?,?,?,?,?,?,?,?,?,?,?,?,?,?,?,?,?,?,?,?,?,?,?,?,?,default)
Hibernate: select e1_0.usuario_id from estudiantes e1_0 join usuarios e1_1 on e1_0.usuario_id=e1_1.id where e1_1.numero_cedula=? fetch first ? rows only
Hibernate: insert into usuarios (contrasena,correo,numero_cedula,primer_apellido,primer_nombre,rol,segundo_apellido,segundo_nombre,telefono,id) values (?,?,?,?,?,?,?,?,?,default)
Hibernate: insert into estudiantes (aprobado_saber_pro,comprobante_pago,numero_registro,pago_saber_pro,programa,semestre,tipo_programa,usuario_id) values (?,?,?,?,?,?,?,?)
Hibernate: insert into resultados_saber_pro (competencias_ciudadanas,competencias_ciudadanas_nivel,comunicacion_escrita,comunicacion_escrita_nivel,descripcion_beneficio,diseno_software,diseno_software_nivel,estudiante_id,formulacion_proyectos,formulacion_proyectos_nivel,ingles,ingles_nivel,lectura_critica,lectura_critica_nivel,nivel_ingles,numero_registro,pensamiento_cientifico,pensamiento_cientifico_nivel,puede_recibir_titulo,puntaje_nivel,puntaje_total,razonamiento_cuantitativo,razonamiento_cuantitativo_nivel,tiene_beneficio,tipo_beneficio,id) values (?,?,?,?,?,?,?,?,?,?,?,?,?,?,?,?,?,?,?,?,?,?,?,?,?,default)
Hibernate: select e1_0.usuario_id from estudiantes e1_0 join usuarios e1_1 on e1_0.usuario_id=e1_1.id where e1_1.numero_cedula=? fetch first ? rows only
Hibernate: insert into usuarios (contrasena,correo,numero_cedula,primer_apellido,primer_nombre,rol,segundo_apellido,segundo_nombre,telefono,id) values (?,?,?,?,?,?,?,?,?,default)
Hibernate: insert into estudiantes (aprobado_saber_pro,comprobante_pago,numero_registro,pago_saber_pro,programa,semestre,tipo_programa,usuario_id) values (?,?,?,?,?,?,?,?)
Hibernate: insert into resultados_saber_pro (competencias_ciudadanas,competencias_ciudadanas_nivel,comunicacion_escrita,comunicacion_escrita_nivel,descripcion_beneficio,diseno_software,diseno_software_nivel,estudiante_id,formulacion_proyectos,formulacion_proyectos_nivel,ingles,ingles_nivel,lectura_critica,lectura_critica_nivel,nivel_ingles,numero_registro,pensamiento_cientifico,pensamiento_cientifico_nivel,puede_recibir_titulo,puntaje_nivel,puntaje_total,razonamiento_cuantitativo,razonamiento_cuantitativo_nivel,tiene_beneficio,tipo_beneficio,id) values (?,?,?,?,?,?,?,?,?,?,?,?,?,?,?,?,?,?,?,?,?,?,?,?,?,default)
Hibernate: select e1_0.usuario_id from estudiantes e1_0 join usuarios e1_1 on e1_0.usuario_id=e1_1.id where e1_1.numero_cedula=? fetch first ? rows only
Hibernate: insert into usuarios (contrasena,correo,numero_cedula,primer_apellido,primer_nombre,rol,segundo_apellido,segundo_nombre,telefono,id) values (?,?,?,?,?,?,?,?,?,default)
Hibernate: insert into estudiantes (aprobado_saber_pro,comprobante_pago,numero_registro,pago_saber_pro,programa,semestre,tipo_programa,usuario_id) values (?,?,?,?,?,?,?,?)
Hibernate: insert into resultados_saber_pro (competencias_ciudadanas,competencias_ciudadanas_nivel,comunicacion_escrita,comunicacion_escrita_nivel,descripcion_beneficio,diseno_software,diseno_software_nivel,estudiante_id,formulacion_proyectos,formulacion_proyectos_nivel,ingles,ingles_nivel,lectura_critica,lectura_critica_nivel,nivel_ingles,numero_registro,pensamiento_cientifico,pensamiento_cientifico_nivel,puede_recibir_titulo,puntaje_nivel,puntaje_total,razonamiento_cuantitativo,razonamiento_cuantitativo_nivel,tiene_beneficio,tipo_beneficio,id) values (?,?,?,?,?,?,?,?,?,?,?,?,?,?,?,?,?,?,?,?,?,?,?,?,?,default)
Hibernate: select e1_0.usuario_id from estudiantes e1_0 join usuarios e1_1 on e1_0.usuario_id=e1_1.id where e1_1.numero_cedula=? fetch first ? rows only
Hibernate: insert into usuarios (contrasena,correo,numero_cedula,primer_apellido,primer_nombre,rol,segundo_apellido,segundo_nombre,telefono,id) values (?,?,?,?,?,?,?,?,?,default)
Hibernate: insert into estudiantes (aprobado_saber_pro,comprobante_pago,numero_registro,pago_saber_pro,programa,semestre,tipo_programa,usuario_id) values (?,?,?,?,?,?,?,?)
Hibernate: insert into resultados_saber_pro (competencias_ciudadanas,competencias_ciudadanas_nivel,comunicacion_escrita,comunicacion_escrita_nivel,descripcion_beneficio,diseno_software,diseno_software_nivel,estudiante_id,formulacion_proyectos,formulacion_proyectos_nivel,ingles,ingles_nivel,lectura_critica,lectura_critica_nivel,nivel_ingles,numero_registro,pensamiento_cientifico,pensamiento_cientifico_nivel,puede_recibir_titulo,puntaje_nivel,puntaje_total,razonamiento_cuantitativo,razonamiento_cuantitativo_nivel,tiene_beneficio,tipo_beneficio,id) values (?,?,?,?,?,?,?,?,?,?,?,?,?,?,?,?,?,?,?,?,?,?,?,?,?,default)
Hibernate: select e1_0.usuario_id from estudiantes e1_0 join usuarios e1_1 on e1_0.usuario_id=e1_1.id where e1_1.numero_cedula=? fetch first ? rows only
Hibernate: insert into usuarios (contrasena,correo,numero_cedula,primer_apellido,primer_nombre,rol,segundo_apellido,segundo_nombre,telefono,id) values (?,?,?,?,?,?,?,?,?,default)
Hibernate: insert into estudiantes (aprobado_saber_pro,comprobante_pago,numero_registro,pago_saber_pro,programa,semestre,tipo_programa,usuario_id) values (?,?,?,?,?,?,?,?)
Hibernate: insert into resultados_saber_pro (competencias_ciudadanas,competencias_ciudadanas_nivel,comunicacion_escrita,comunicacion_escrita_nivel,descripcion_beneficio,diseno_software,diseno_software_nivel,estudiante_id,formulacion_proyectos,formulacion_proyectos_nivel,ingles,ingles_nivel,lectura_critica,lectura_critica_nivel,nivel_ingles,numero_registro,pensamiento_cientifico,pensamiento_cientifico_nivel,puede_recibir_titulo,puntaje_nivel,puntaje_total,razonamiento_cuantitativo,razonamiento_cuantitativo_nivel,tiene_beneficio,tipo_beneficio,id) values (?,?,?,?,?,?,?,?,?,?,?,?,?,?,?,?,?,?,?,?,?,?,?,?,?,default)
Hibernate: select e1_0.usuario_id from estudiantes e1_0 join usuarios e1_1 on e1_0.usuario_id=e1_1.id where e1_1.numero_cedula=? fetch first ? rows only
Hibernate: insert into usuarios (contrasena,correo,numero_cedula,primer_apellido,primer_nombre,rol,segundo_apellido,segundo_nombre,telefono,id) values (?,?,?,?,?,?,?,?,?,default)
Hibernate: insert into estudiantes (aprobado_saber_pro,comprobante_pago,numero_registro,pago_saber_pro,programa,semestre,tipo_programa,usuario_id) values (?,?,?,?,?,?,?,?)
Hibernate: insert into resultados_saber_pro (competencias_ciudadanas,competencias_ciudadanas_nivel,comunicacion_escrita,comunicacion_escrita_nivel,descripcion_beneficio,diseno_software,diseno_software_nivel,estudiante_id,formulacion_proyectos,formulacion_proyectos_nivel,ingles,ingles_nivel,lectura_critica,lectura_critica_nivel,nivel_ingles,numero_registro,pensamiento_cientifico,pensamiento_cientifico_nivel,puede_recibir_titulo,puntaje_nivel,puntaje_total,razonamiento_cuantitativo,razonamiento_cuantitativo_nivel,tiene_beneficio,tipo_beneficio,id) values (?,?,?,?,?,?,?,?,?,?,?,?,?,?,?,?,?,?,?,?,?,?,?,?,?,default)
Hibernate: select e1_0.usuario_id from estudiantes e1_0 join usuarios e1_1 on e1_0.usuario_id=e1_1.id where e1_1.numero_cedula=? fetch first ? rows only
Hibernate: insert into usuarios (contrasena,correo,numero_cedula,primer_apellido,primer_nombre,rol,segundo_apellido,segundo_nombre,telefono,id) values (?,?,?,?,?,?,?,?,?,default)
Hibernate: insert into estudiantes (aprobado_saber_pro,comprobante_pago,numero_registro,pago_saber_pro,programa,semestre,tipo_programa,usuario_id) values (?,?,?,?,?,?,?,?)
Hibernate: insert into resultados_saber_pro (competencias_ciudadanas,competencias_ciudadanas_nivel,comunicacion_escrita,comunicacion_escrita_nivel,descripcion_beneficio,diseno_software,diseno_software_nivel,estudiante_id,formulacion_proyectos,formulacion_proyectos_nivel,ingles,ingles_nivel,lectura_critica,lectura_critica_nivel,nivel_ingles,numero_registro,pensamiento_cientifico,pensamiento_cientifico_nivel,puede_recibir_titulo,puntaje_nivel,puntaje_total,razonamiento_cuantitativo,razonamiento_cuantitativo_nivel,tiene_beneficio,tipo_beneficio,id) values (?,?,?,?,?,?,?,?,?,?,?,?,?,?,?,?,?,?,?,?,?,?,?,?,?,default)
Hibernate: select e1_0.usuario_id from estudiantes e1_0 join usuarios e1_1 on e1_0.usuario_id=e1_1.id where e1_1.numero_cedula=? fetch first ? rows only
Hibernate: insert into usuarios (contrasena,correo,numero_cedula,primer_apellido,primer_nombre,rol,segundo_apellido,segundo_nombre,telefono,id) values (?,?,?,?,?,?,?,?,?,default)
Hibernate: insert into estudiantes (aprobado_saber_pro,comprobante_pago,numero_registro,pago_saber_pro,programa,semestre,tipo_programa,usuario_id) values (?,?,?,?,?,?,?,?)
Hibernate: insert into resultados_saber_pro (competencias_ciudadanas,competencias_ciudadanas_nivel,comunicacion_escrita,comunicacion_escrita_nivel,descripcion_beneficio,diseno_software,diseno_software_nivel,estudiante_id,formulacion_proyectos,formulacion_proyectos_nivel,ingles,ingles_nivel,lectura_critica,lectura_critica_nivel,nivel_ingles,numero_registro,pensamiento_cientifico,pensamiento_cientifico_nivel,puede_recibir_titulo,puntaje_nivel,puntaje_total,razonamiento_cuantitativo,razonamiento_cuantitativo_nivel,tiene_beneficio,tipo_beneficio,id) values (?,?,?,?,?,?,?,?,?,?,?,?,?,?,?,?,?,?,?,?,?,?,?,?,?,default)
Hibernate: select e1_0.usuario_id from estudiantes e1_0 join usuarios e1_1 on e1_0.usuario_id=e1_1.id where e1_1.numero_cedula=? fetch first ? rows only
Hibernate: insert into usuarios (contrasena,correo,numero_cedula,primer_apellido,primer_nombre,rol,segundo_apellido,segundo_nombre,telefono,id) values (?,?,?,?,?,?,?,?,?,default)
Hibernate: insert into estudiantes (aprobado_saber_pro,comprobante_pago,numero_registro,pago_saber_pro,programa,semestre,tipo_programa,usuario_id) values (?,?,?,?,?,?,?,?)
Hibernate: insert into resultados_saber_pro (competencias_ciudadanas,competencias_ciudadanas_nivel,comunicacion_escrita,comunicacion_escrita_nivel,descripcion_beneficio,diseno_software,diseno_software_nivel,estudiante_id,formulacion_proyectos,formulacion_proyectos_nivel,ingles,ingles_nivel,lectura_critica,lectura_critica_nivel,nivel_ingles,numero_registro,pensamiento_cientifico,pensamiento_cientifico_nivel,puede_recibir_titulo,puntaje_nivel,puntaje_total,razonamiento_cuantitativo,razonamiento_cuantitativo_nivel,tiene_beneficio,tipo_beneficio,id) values (?,?,?,?,?,?,?,?,?,?,?,?,?,?,?,?,?,?,?,?,?,?,?,?,?,default)
Hibernate: select e1_0.usuario_id from estudiantes e1_0 join usuarios e1_1 on e1_0.usuario_id=e1_1.id where e1_1.numero_cedula=? fetch first ? rows only
Hibernate: insert into usuarios (contrasena,correo,numero_cedula,primer_apellido,primer_nombre,rol,segundo_apellido,segundo_nombre,telefono,id) values (?,?,?,?,?,?,?,?,?,default)
Hibernate: insert into estudiantes (aprobado_saber_pro,comprobante_pago,numero_registro,pago_saber_pro,programa,semestre,tipo_programa,usuario_id) values (?,?,?,?,?,?,?,?)
Hibernate: insert into resultados_saber_pro (competencias_ciudadanas,competencias_ciudadanas_nivel,comunicacion_escrita,comunicacion_escrita_nivel,descripcion_beneficio,diseno_software,diseno_software_nivel,estudiante_id,formulacion_proyectos,formulacion_proyectos_nivel,ingles,ingles_nivel,lectura_critica,lectura_critica_nivel,nivel_ingles,numero_registro,pensamiento_cientifico,pensamiento_cientifico_nivel,puede_recibir_titulo,puntaje_nivel,puntaje_total,razonamiento_cuantitativo,razonamiento_cuantitativo_nivel,tiene_beneficio,tipo_beneficio,id) values (?,?,?,?,?,?,?,?,?,?,?,?,?,?,?,?,?,?,?,?,?,?,?,?,?,default)
Hibernate: select e1_0.usuario_id from estudiantes e1_0 join usuarios e1_1 on e1_0.usuario_id=e1_1.id where e1_1.numero_cedula=? fetch first ? rows only
Hibernate: insert into usuarios (contrasena,correo,numero_cedula,primer_apellido,primer_nombre,rol,segundo_apellido,segundo_nombre,telefono,id) values (?,?,?,?,?,?,?,?,?,default)
Hibernate: insert into estudiantes (aprobado_saber_pro,comprobante_pago,numero_registro,pago_saber_pro,programa,semestre,tipo_programa,usuario_id) values (?,?,?,?,?,?,?,?)
Hibernate: insert into resultados_saber_pro (competencias_ciudadanas,competencias_ciudadanas_nivel,comunicacion_escrita,comunicacion_escrita_nivel,descripcion_beneficio,diseno_software,diseno_software_nivel,estudiante_id,formulacion_proyectos,formulacion_proyectos_nivel,ingles,ingles_nivel,lectura_critica,lectura_critica_nivel,nivel_ingles,numero_registro,pensamiento_cientifico,pensamiento_cientifico_nivel,puede_recibir_titulo,puntaje_nivel,puntaje_total,razonamiento_cuantitativo,razonamiento_cuantitativo_nivel,tiene_beneficio,tipo_beneficio,id) values (?,?,?,?,?,?,?,?,?,?,?,?,?,?,?,?,?,?,?,?,?,?,?,?,?,default)
Hibernate: select e1_0.usuario_id from estudiantes e1_0 join usuarios e1_1 on e1_0.usuario_id=e1_1.id where e1_1.numero_cedula=? fetch first ? rows only
Hibernate: insert into usuarios (contrasena,correo,numero_cedula,primer_apellido,primer_nombre,rol,segundo_apellido,segundo_nombre,telefono,id) values (?,?,?,?,?,?,?,?,?,default)
Hibernate: insert into estudiantes (aprobado_saber_pro,comprobante_pago,numero_registro,pago_saber_pro,programa,semestre,tipo_programa,usuario_id) values (?,?,?,?,?,?,?,?)
Hibernate: insert into resultados_saber_pro (competencias_ciudadanas,competencias_ciudadanas_nivel,comunicacion_escrita,comunicacion_escrita_nivel,descripcion_beneficio,diseno_software,diseno_software_nivel,estudiante_id,formulacion_proyectos,formulacion_proyectos_nivel,ingles,ingles_nivel,lectura_critica,lectura_critica_nivel,nivel_ingles,numero_registro,pensamiento_cientifico,pensamiento_cientifico_nivel,puede_recibir_titulo,puntaje_nivel,puntaje_total,razonamiento_cuantitativo,razonamiento_cuantitativo_nivel,tiene_beneficio,tipo_beneficio,id) values (?,?,?,?,?,?,?,?,?,?,?,?,?,?,?,?,?,?,?,?,?,?,?,?,?,default)
Hibernate: select e1_0.usuario_id from estudiantes e1_0 join usuarios e1_1 on e1_0.usuario_id=e1_1.id where e1_1.numero_cedula=? fetch first ? rows only
Hibernate: insert into usuarios (contrasena,correo,numero_cedula,primer_apellido,primer_nombre,rol,segundo_apellido,segundo_nombre,telefono,id) values (?,?,?,?,?,?,?,?,?,default)
Hibernate: insert into estudiantes (aprobado_saber_pro,comprobante_pago,numero_registro,pago_saber_pro,programa,semestre,tipo_programa,usuario_id) values (?,?,?,?,?,?,?,?)
Hibernate: insert into resultados_saber_pro (competencias_ciudadanas,competencias_ciudadanas_nivel,comunicacion_escrita,comunicacion_escrita_nivel,descripcion_beneficio,diseno_software,diseno_software_nivel,estudiante_id,formulacion_proyectos,formulacion_proyectos_nivel,ingles,ingles_nivel,lectura_critica,lectura_critica_nivel,nivel_ingles,numero_registro,pensamiento_cientifico,pensamiento_cientifico_nivel,puede_recibir_titulo,puntaje_nivel,puntaje_total,razonamiento_cuantitativo,razonamiento_cuantitativo_nivel,tiene_beneficio,tipo_beneficio,id) values (?,?,?,?,?,?,?,?,?,?,?,?,?,?,?,?,?,?,?,?,?,?,?,?,?,default)
Hibernate: select e1_0.usuario_id from estudiantes e1_0 join usuarios e1_1 on e1_0.usuario_id=e1_1.id where e1_1.numero_cedula=? fetch first ? rows only
Hibernate: insert into usuarios (contrasena,correo,numero_cedula,primer_apellido,primer_nombre,rol,segundo_apellido,segundo_nombre,telefono,id) values (?,?,?,?,?,?,?,?,?,default)
Hibernate: insert into estudiantes (aprobado_saber_pro,comprobante_pago,numero_registro,pago_saber_pro,programa,semestre,tipo_programa,usuario_id) values (?,?,?,?,?,?,?,?)
Hibernate: insert into resultados_saber_pro (competencias_ciudadanas,competencias_ciudadanas_nivel,comunicacion_escrita,comunicacion_escrita_nivel,descripcion_beneficio,diseno_software,diseno_software_nivel,estudiante_id,formulacion_proyectos,formulacion_proyectos_nivel,ingles,ingles_nivel,lectura_critica,lectura_critica_nivel,nivel_ingles,numero_registro,pensamiento_cientifico,pensamiento_cientifico_nivel,puede_recibir_titulo,puntaje_nivel,puntaje_total,razonamiento_cuantitativo,razonamiento_cuantitativo_nivel,tiene_beneficio,tipo_beneficio,id) values (?,?,?,?,?,?,?,?,?,?,?,?,?,?,?,?,?,?,?,?,?,?,?,?,?,default)
Hibernate: select e1_0.usuario_id from estudiantes e1_0 join usuarios e1_1 on e1_0.usuario_id=e1_1.id where e1_1.numero_cedula=? fetch first ? rows only
Hibernate: insert into usuarios (contrasena,correo,numero_cedula,primer_apellido,primer_nombre,rol,segundo_apellido,segundo_nombre,telefono,id) values (?,?,?,?,?,?,?,?,?,default)
Hibernate: insert into estudiantes (aprobado_saber_pro,comprobante_pago,numero_registro,pago_saber_pro,programa,semestre,tipo_programa,usuario_id) values (?,?,?,?,?,?,?,?)
Hibernate: insert into resultados_saber_pro (competencias_ciudadanas,competencias_ciudadanas_nivel,comunicacion_escrita,comunicacion_escrita_nivel,descripcion_beneficio,diseno_software,diseno_software_nivel,estudiante_id,formulacion_proyectos,formulacion_proyectos_nivel,ingles,ingles_nivel,lectura_critica,lectura_critica_nivel,nivel_ingles,numero_registro,pensamiento_cientifico,pensamiento_cientifico_nivel,puede_recibir_titulo,puntaje_nivel,puntaje_total,razonamiento_cuantitativo,razonamiento_cuantitativo_nivel,tiene_beneficio,tipo_beneficio,id) values (?,?,?,?,?,?,?,?,?,?,?,?,?,?,?,?,?,?,?,?,?,?,?,?,?,default)
✅ Todos los datos cargados correctamente.
]]></system-out>
    <system-err><![CDATA[Mockito is currently self-attaching to enable the inline-mock-maker. This will no longer work in future releases of the JDK. Please add Mockito as an agent to your build as described in Mockito's documentation: https://javadoc.io/doc/org.mockito/mockito-core/latest/org.mockito/org/mockito/Mockito.html#0.3
WARNING: A Java agent has been loaded dynamically (C:\Users\Juan\.m2\repository\net\bytebuddy\byte-buddy-agent\1.17.8\byte-buddy-agent-1.17.8.jar)
WARNING: If a serviceability tool is in use, please run with -XX:+EnableDynamicAgentLoading to hide this warning
WARNING: If a serviceability tool is not in use, please run with -Djdk.instrument.traceUsage for more information
WARNING: Dynamic loading of agents will be disallowed by default in a future release
]]></system-err>
  </testcase>
</testsuite>